<?xml version="1.0" encoding="utf-8"?><testsuites name="pytest tests"><testsuite name="pytest" errors="0" failures="0" skipped="0" tests="6" time="1.168" timestamp="2026-06-05T21:11:15.222434+00:00" hostname="agent-env-220f8b9e-b23f-42c7-a087-4d63f911a5b6"><testcase classname="backend.tests.test_contact_api" name="test_root_hello_world" time="0.245" /><testcase classname="backend.tests.test_contact_api" name="test_contact_valid_payload" time="0.295" /><testcase classname="backend.tests.test_contact_api" name="test_contact_invalid_email" time="0.111" /><testcase classname="backend.tests.test_contact_api" name="test_contact_missing_name" time="0.140" /><testcase classname="backend.tests.test_contact_api" name="test_contact_missing_message" time="0.149" /><testcase classname="backend.tests.test_contact_api" name="test_contact_empty_message" time="0.157" /></testsuite></testsuites>